# JRE version: Java(TM) SE Runtime Environment (13.0.1+9) (build 13.0.1+9)
# Java VM: Java HotSpot(TM) 64-Bit Server VM (13.0.1+9, mixed mode, sharing, tiered, compressed oops, g1 gc, bsd-amd64)
Heap:
 garbage-first heap   total 264192K, used 43481K [0x0000000700000000, 0x0000000800000000)
  region size 1024K, 3 young (3072K), 2 survivors (2048K)
 Metaspace       used 7752K, capacity 8032K, committed 8192K, reserved 1056768K
  class space    used 824K, capacity 941K, committed 1024K, reserved 1048576K
GC Heap History (20 events):
Event: 521.819 GC heap before
{Heap before GC invocations=1 (full 0):
 garbage-first heap   total 264192K, used 157023K [0x0000000700000000, 0x0000000800000000)
  region size 1024K, 153 young (156672K), 2 survivors (2048K)
 Metaspace       used 7574K, capacity 7840K, committed 8192K, reserved 1056768K
  class space    used 809K, capacity 941K, committed 1024K, reserved 1048576K
}
Event: 521.823 GC heap after
{Heap after GC invocations=2 (full 0):
 garbage-first heap   total 264192K, used 2591K [0x0000000700000000, 0x0000000800000000)
  region size 1024K, 2 young (2048K), 2 survivors (2048K)
 Metaspace       used 7574K, capacity 7840K, committed 8192K, reserved 1056768K
  class space    used 809K, capacity 941K, committed 1024K, reserved 1048576K
}
Event: 934.242 GC heap before
{Heap before GC invocations=2 (full 0):
 garbage-first heap   total 264192K, used 157215K [0x0000000700000000, 0x0000000800000000)
  region size 1024K, 153 young (156672K), 2 survivors (2048K)
 Metaspace       used 7580K, capacity 7840K, committed 8192K, reserved 1056768K
  class space    used 809K, capacity 941K, committed 1024K, reserved 1048576K
}
Event: 934.246 GC heap after
{Heap after GC invocations=3 (full 0):
 garbage-first heap   total 264192K, used 2541K [0x0000000700000000, 0x0000000800000000)
  region size 1024K, 2 young (2048K), 2 survivors (2048K)
 Metaspace       used 7580K, capacity 7840K, committed 8192K, reserved 1056768K
  class space    used 809K, capacity 941K, committed 1024K, reserved 1048576K
}
Event: 1387.752 GC heap before
{Heap before GC invocations=3 (full 0):
 garbage-first heap   total 264192K, used 157165K [0x0000000700000000, 0x0000000800000000)
  region size 1024K, 153 young (156672K), 2 survivors (2048K)
 Metaspace       used 7585K, capacity 7904K, committed 8192K, reserved 1056768K
  class space    used 809K, capacity 941K, committed 1024K, reserved 1048576K
}
Event: 1387.757 GC heap after
{Heap after GC invocations=4 (full 0):
 garbage-first heap   total 264192K, used 2650K [0x0000000700000000, 0x0000000800000000)
  region size 1024K, 2 young (2048K), 2 survivors (2048K)
 Metaspace       used 7585K, capacity 7904K, committed 8192K, reserved 1056768K
  class space    used 809K, capacity 941K, committed 1024K, reserved 1048576K
}
Event: 1852.358 GC heap before
{Heap before GC invocations=4 (full 0):
 garbage-first heap   total 264192K, used 157274K [0x0000000700000000, 0x0000000800000000)
  region size 1024K, 153 young (156672K), 2 survivors (2048K)
 Metaspace       used 7585K, capacity 7904K, committed 8192K, reserved 1056768K
  class space    used 809K, capacity 941K, committed 1024K, reserved 1048576K
}
Event: 1852.362 GC heap after
{Heap after GC invocations=5 (full 0):
 garbage-first heap   total 264192K, used 2475K [0x0000000700000000, 0x0000000800000000)
  region size 1024K, 2 young (2048K), 2 survivors (2048K)
 Metaspace       used 7585K, capacity 7904K, committed 8192K, reserved 1056768K
  class space    used 809K, capacity 941K, committed 1024K, reserved 1048576K
}
Event: 2289.634 GC heap before
{Heap before GC invocations=5 (full 0):
 garbage-first heap   total 264192K, used 157099K [0x0000000700000000, 0x0000000800000000)
  region size 1024K, 153 young (156672K), 2 survivors (2048K)
 Metaspace       used 7585K, capacity 7904K, committed 8192K, reserved 1056768K
  class space    used 809K, capacity 941K, committed 1024K, reserved 1048576K
}
Event: 2289.637 GC heap after
{Heap after GC invocations=6 (full 0):
 garbage-first heap   total 264192K, used 2550K [0x0000000700000000, 0x0000000800000000)
  region size 1024K, 2 young (2048K), 2 survivors (2048K)
 Metaspace       used 7585K, capacity 7904K, committed 8192K, reserved 1056768K
  class space    used 809K, capacity 941K, committed 1024K, reserved 1048576K
}
Event: 2727.165 GC heap before
{Heap before GC invocations=6 (full 0):
 garbage-first heap   total 264192K, used 157174K [0x0000000700000000, 0x0000000800000000)
  region size 1024K, 153 young (156672K), 2 survivors (2048K)
 Metaspace       used 7586K, capacity 7904K, committed 8192K, reserved 1056768K
  class space    used 809K, capacity 941K, committed 1024K, reserved 1048576K
}
Event: 2727.168 GC heap after
{Heap after GC invocations=7 (full 0):
 garbage-first heap   total 264192K, used 2554K [0x0000000700000000, 0x0000000800000000)
  region size 1024K, 2 young (2048K), 2 survivors (2048K)
 Metaspace       used 7586K, capacity 7904K, committed 8192K, reserved 1056768K
  class space    used 809K, capacity 941K, committed 1024K, reserved 1048576K
}
Event: 3143.298 GC heap before
{Heap before GC invocations=7 (full 0):
 garbage-first heap   total 264192K, used 157178K [0x0000000700000000, 0x0000000800000000)
  region size 1024K, 153 young (156672K), 2 survivors (2048K)
 Metaspace       used 7586K, capacity 7904K, committed 8192K, reserved 1056768K
  class space    used 809K, capacity 941K, committed 1024K, reserved 1048576K
}
Event: 3143.301 GC heap after
{Heap after GC invocations=8 (full 0):
 garbage-first heap   total 264192K, used 2543K [0x0000000700000000, 0x0000000800000000)
  region size 1024K, 2 young (2048K), 2 survivors (2048K)
 Metaspace       used 7586K, capacity 7904K, committed 8192K, reserved 1056768K
  class space    used 809K, capacity 941K, committed 1024K, reserved 1048576K
}
Event: 3559.047 GC heap before
{Heap before GC invocations=8 (full 0):
 garbage-first heap   total 264192K, used 157167K [0x0000000700000000, 0x0000000800000000)
  region size 1024K, 153 young (156672K), 2 survivors (2048K)
 Metaspace       used 7586K, capacity 7904K, committed 8192K, reserved 1056768K
  class space    used 809K, capacity 941K, committed 1024K, reserved 1048576K
}
Event: 3559.051 GC heap after
{Heap after GC invocations=9 (full 0):
 garbage-first heap   total 264192K, used 2507K [0x0000000700000000, 0x0000000800000000)
  region size 1024K, 2 young (2048K), 2 survivors (2048K)
 Metaspace       used 7586K, capacity 7904K, committed 8192K, reserved 1056768K
  class space    used 809K, capacity 941K, committed 1024K, reserved 1048576K
}
Event: 3972.987 GC heap before
{Heap before GC invocations=9 (full 0):
 garbage-first heap   total 264192K, used 157131K [0x0000000700000000, 0x0000000800000000)
  region size 1024K, 153 young (156672K), 2 survivors (2048K)
 Metaspace       used 7586K, capacity 7904K, committed 8192K, reserved 1056768K
  class space    used 809K, capacity 941K, committed 1024K, reserved 1048576K
}
Event: 3972.991 GC heap after
{Heap after GC invocations=10 (full 0):
 garbage-first heap   total 264192K, used 2472K [0x0000000700000000, 0x0000000800000000)
  region size 1024K, 2 young (2048K), 2 survivors (2048K)
 Metaspace       used 7586K, capacity 7904K, committed 8192K, reserved 1056768K
  class space    used 809K, capacity 941K, committed 1024K, reserved 1048576K
}
Event: 4371.849 GC heap before
{Heap before GC invocations=10 (full 0):
 garbage-first heap   total 264192K, used 198056K [0x0000000700000000, 0x0000000800000000)
  region size 1024K, 153 young (156672K), 2 survivors (2048K)
 Metaspace       used 7752K, capacity 8032K, committed 8192K, reserved 1056768K
  class space    used 824K, capacity 941K, committed 1024K, reserved 1048576K
}
Event: 4371.854 GC heap after
{Heap after GC invocations=11 (full 0):
 garbage-first heap   total 264192K, used 43481K [0x0000000700000000, 0x0000000800000000)
  region size 1024K, 2 young (2048K), 2 survivors (2048K)
 Metaspace       used 7752K, capacity 8032K, committed 8192K, reserved 1056768K
  class space    used 824K, capacity 941K, committed 1024K, reserved 1048576K
}

